<?xml version="1.0" encoding="UTF-8"?>
<!-- Generated by org.testng.reporters.JUnitReportReporter -->
<testsuite hostname="DESKTOP-KHFPL78" failures="0" tests="3" name="stepdefinition.testrunner" time="44.652" errors="0" timestamp="2025-03-18T05:57:41 PDT" skipped="0">
  <testcase classname="stepdefinition.testrunner" name="runScenario" time="14.076"/>
  <system-out/>
  <testcase classname="stepdefinition.testrunner" name="runScenario" time="14.598"/>
  <system-out/>
  <testcase classname="stepdefinition.testrunner" name="runScenario" time="15.978"/>
  <system-out/>
</testsuite> <!-- stepdefinition.testrunner -->
